<?xml version="1.0" encoding="UTF-8"?>
<testng-results skipped="0" failed="0" ignored="1" total="2" passed="1">
  <reporter-output>
  </reporter-output>
  <suite name="Default suite" duration-ms="24127" started-at="2019-02-24T19:08:45Z" finished-at="2019-02-24T19:09:09Z">
    <groups>
    </groups>
    <test name="Default test" duration-ms="24127" started-at="2019-02-24T19:08:45Z" finished-at="2019-02-24T19:09:09Z">
      <class name="test.tests.LoginTests">
        <test-method status="PASS" signature="loginPositiveTest()[pri:0, instance:test.tests.LoginTests@1e88b3c]" name="loginPositiveTest" duration-ms="24103" started-at="2019-02-24T19:08:45Z" description="001 - Login into application - Positive" finished-at="2019-02-24T19:09:09Z">
          <reporter-output>
          </reporter-output>
        </test-method> <!-- loginPositiveTest -->
      </class> <!-- test.tests.LoginTests -->
    </test> <!-- Default test -->
  </suite> <!-- Default suite -->
</testng-results>
