<?xml version="1.0" encoding="UTF-8"?>
<!-- Generated by org.testng.reporters.JUnitXMLReporter -->
<testsuite hostname="ECRNT-100640" ignored="1" name="Default test" tests="1" failures="0" timestamp="24 fev 2019 19:09:09 GMT" time="24.127" errors="0">
  <testcase name="loginPositiveTest" time="24.103" classname="test.tests.LoginTests"/>
  <testcase name="loginNegativeTest" time="0.0" classname="test.tests.LoginTests">
    <ignored/>
  </testcase> <!-- loginNegativeTest -->
</testsuite> <!-- Default test -->
